2024-09-18T08:47:31.470190Z 0 [Warning] [MY-010097] [Server] Insecure configuration for --secure-file-priv: Current value does not restrict location of generated files. Consider setting it to a valid, non-empty path.
2024-09-18T08:47:31.470246Z 0 [Warning] [MY-010918] [Server] 'default_authentication_plugin' is deprecated and will be removed in a future release. Please use authentication_policy instead.
2024-09-18T08:47:31.470278Z 0 [System] [MY-010116] [Server] C:\laragon\bin\mysql\mysql-8.0.30-winx64\bin\mysqld (mysqld 8.0.30) starting as process 22188
2024-09-18T08:47:31.512777Z 1 [System] [MY-013576] [InnoDB] InnoDB initialization has started.
2024-09-18T08:47:31.733725Z 1 [System] [MY-013577] [InnoDB] InnoDB initialization has ended.
mysqld: Table 'mysql.plugin' doesn't exist
2024-09-18T08:47:31.889108Z 0 [ERROR] [MY-010735] [Server] Could not open the mysql.plugin table. Please perform the MySQL upgrade procedure.
2024-09-18T08:47:31.889677Z 0 [Warning] [MY-010441] [Server] Failed to open optimizer cost constant tables
2024-09-18T08:47:31.894710Z 0 [Warning] [MY-010441] [Server] Failed to open optimizer cost constant tables
2024-09-18T08:47:31.895332Z 0 [Warning] [MY-010441] [Server] Failed to open optimizer cost constant tables
2024-09-18T08:47:31.895782Z 0 [Warning] [MY-010441] [Server] Failed to open optimizer cost constant tables
2024-09-18T08:47:31.896151Z 0 [Warning] [MY-010441] [Server] Failed to open optimizer cost constant tables
2024-09-18T08:47:31.896526Z 0 [Warning] [MY-010441] [Server] Failed to open optimizer cost constant tables
2024-09-18T08:47:31.896927Z 0 [Warning] [MY-010441] [Server] Failed to open optimizer cost constant tables
2024-09-18T08:47:32.011743Z 0 [Warning] [MY-010015] [Repl] Gtid table is not ready to be used. Table 'mysql.gtid_executed' cannot be opened.
2024-09-18T08:47:32.043966Z 0 [Warning] [MY-013829] [Server] Missing data directory for ICU regular expressions: C:\laragon\bin\mysql\mysql-8.0.30-winx64\lib\private\.
2024-09-18T08:47:32.045034Z 0 [Warning] [MY-010015] [Repl] Gtid table is not ready to be used. Table 'mysql.gtid_executed' cannot be opened.
2024-09-18T08:47:32.049459Z 0 [Warning] [MY-010068] [Server] CA certificate ca.pem is self signed.
2024-09-18T08:47:32.049903Z 0 [System] [MY-013602] [Server] Channel mysql_main configured to support TLS. Encrypted connections are now supported for this channel.
2024-09-18T08:47:32.052312Z 0 [Warning] [MY-010441] [Server] Failed to open optimizer cost constant tables
2024-09-18T08:47:32.053063Z 0 [ERROR] [MY-013129] [Server] A message intended for a client cannot be sent there as no client-session is attached. Therefore, we're sending the information to the error-log instead: MY-001146 - Table 'mysql.component' doesn't exist
2024-09-18T08:47:32.054430Z 0 [Warning] [MY-013129] [Server] A message intended for a client cannot be sent there as no client-session is attached. Therefore, we're sending the information to the error-log instead: MY-003543 - The mysql.component table is missing or has an incorrect definition.
2024-09-18T08:47:32.058077Z 0 [ERROR] [MY-010326] [Server] Fatal error: Can't open and lock privilege tables: Table 'mysql.user' doesn't exist
2024-09-18T08:47:32.058914Z 0 [ERROR] [MY-010952] [Server] The privilege system failed to initialize correctly. For complete instructions on how to upgrade MySQL to a new version please see the 'Upgrading MySQL' section from the MySQL manual.
2024-09-18T08:47:32.065021Z 0 [ERROR] [MY-010119] [Server] Aborting
2024-09-18T08:47:33.150990Z 0 [System] [MY-010910] [Server] C:\laragon\bin\mysql\mysql-8.0.30-winx64\bin\mysqld: Shutdown complete (mysqld 8.0.30)  MySQL Community Server - GPL.
2024-09-18T08:47:41.716294Z 0 [Warning] [MY-010097] [Server] Insecure configuration for --secure-file-priv: Current value does not restrict location of generated files. Consider setting it to a valid, non-empty path.
2024-09-18T08:47:41.718160Z 0 [Warning] [MY-010918] [Server] 'default_authentication_plugin' is deprecated and will be removed in a future release. Please use authentication_policy instead.
2024-09-18T08:47:41.718442Z 0 [System] [MY-010116] [Server] C:\laragon\bin\mysql\mysql-8.0.30-winx64\bin\mysqld (mysqld 8.0.30) starting as process 26264
2024-09-18T08:47:41.802656Z 1 [System] [MY-013576] [InnoDB] InnoDB initialization has started.
2024-09-18T08:47:42.117625Z 1 [System] [MY-013577] [InnoDB] InnoDB initialization has ended.
mysqld: Table 'mysql.plugin' doesn't exist
2024-09-18T08:47:42.431693Z 0 [ERROR] [MY-010735] [Server] Could not open the mysql.plugin table. Please perform the MySQL upgrade procedure.
2024-09-18T08:47:42.432777Z 0 [Warning] [MY-010441] [Server] Failed to open optimizer cost constant tables
2024-09-18T08:47:42.440013Z 0 [Warning] [MY-010441] [Server] Failed to open optimizer cost constant tables
2024-09-18T08:47:42.442074Z 0 [Warning] [MY-010441] [Server] Failed to open optimizer cost constant tables
2024-09-18T08:47:42.443992Z 0 [Warning] [MY-010441] [Server] Failed to open optimizer cost constant tables
2024-09-18T08:47:42.445223Z 0 [Warning] [MY-010441] [Server] Failed to open optimizer cost constant tables
2024-09-18T08:47:42.446326Z 0 [Warning] [MY-010441] [Server] Failed to open optimizer cost constant tables
2024-09-18T08:47:42.447070Z 0 [Warning] [MY-010441] [Server] Failed to open optimizer cost constant tables
2024-09-18T08:47:42.633006Z 0 [Warning] [MY-010015] [Repl] Gtid table is not ready to be used. Table 'mysql.gtid_executed' cannot be opened.
2024-09-18T08:47:42.741634Z 0 [Warning] [MY-013829] [Server] Missing data directory for ICU regular expressions: C:\laragon\bin\mysql\mysql-8.0.30-winx64\lib\private\.
2024-09-18T08:47:42.742889Z 0 [Warning] [MY-010015] [Repl] Gtid table is not ready to be used. Table 'mysql.gtid_executed' cannot be opened.
2024-09-18T08:47:42.762734Z 0 [Warning] [MY-010068] [Server] CA certificate ca.pem is self signed.
2024-09-18T08:47:42.763107Z 0 [System] [MY-013602] [Server] Channel mysql_main configured to support TLS. Encrypted connections are now supported for this channel.
2024-09-18T08:47:42.766474Z 0 [Warning] [MY-010441] [Server] Failed to open optimizer cost constant tables
2024-09-18T08:47:42.767389Z 0 [ERROR] [MY-013129] [Server] A message intended for a client cannot be sent there as no client-session is attached. Therefore, we're sending the information to the error-log instead: MY-001146 - Table 'mysql.component' doesn't exist
2024-09-18T08:47:42.768290Z 0 [Warning] [MY-013129] [Server] A message intended for a client cannot be sent there as no client-session is attached. Therefore, we're sending the information to the error-log instead: MY-003543 - The mysql.component table is missing or has an incorrect definition.
2024-09-18T08:47:42.778757Z 0 [ERROR] [MY-010326] [Server] Fatal error: Can't open and lock privilege tables: Table 'mysql.user' doesn't exist
2024-09-18T08:47:42.779872Z 0 [ERROR] [MY-010952] [Server] The privilege system failed to initialize correctly. For complete instructions on how to upgrade MySQL to a new version please see the 'Upgrading MySQL' section from the MySQL manual.
2024-09-18T08:47:42.780715Z 0 [ERROR] [MY-010119] [Server] Aborting
2024-09-18T08:47:43.993823Z 0 [System] [MY-010910] [Server] C:\laragon\bin\mysql\mysql-8.0.30-winx64\bin\mysqld: Shutdown complete (mysqld 8.0.30)  MySQL Community Server - GPL.
